<?xml version="1.0" encoding="UTF-8"?>
<!-- Generated by org.testng.reporters.JUnitReportReporter -->
<testsuite hostname="DESKTOP-1A5LGLI" failures="0" tests="2" name="parameter_Annotation.Facebook_Url_Launching" time="21.211" errors="0" timestamp="2023-06-03T08:36:47 IST" skipped="0">
  <testcase classname="parameter_Annotation.Facebook_Url_Launching" name="facebookloginpage" time="10.158"/>
  <system-out/>
  <testcase classname="parameter_Annotation.Facebook_Url_Launching" name="facebookloginpage" time="11.053"/>
  <system-out/>
</testsuite> <!-- parameter_Annotation.Facebook_Url_Launching -->
