<?xml version="1.0" encoding="UTF-8"?>
<!-- Generated by org.testng.reporters.JUnitReportReporter -->
<testsuite hostname="DESKTOP-1A5LGLI" failures="0" tests="6" name="sample1.TestNG_Attributes2" time="0.032" errors="0" timestamp="2023-05-31T20:44:59 IST" skipped="1">
  <testcase classname="sample1.TestNG_Attributes2" name="Registration" time="0.018"/>
  <system-out/>
  <testcase classname="sample1.TestNG_Attributes2" name="login" time="0.002"/>
  <system-out/>
  <testcase classname="sample1.TestNG_Attributes2" name="login" time="0.003"/>
  <system-out/>
  <testcase classname="sample1.TestNG_Attributes2" name="login" time="0.002"/>
  <system-out/>
  <testcase classname="sample1.TestNG_Attributes2" name="Homepage" time="0.007"/>
  <system-out/>
  <testcase classname="sample1.TestNG_Attributes2" name="logout">
    <skipped/>
  </testcase> <!-- logout -->
  <system-out/>
</testsuite> <!-- sample1.TestNG_Attributes2 -->
