<?xml version="1.0" encoding="UTF-8"?>
<!-- Generated by org.testng.reporters.JUnitReportReporter -->
<testsuite hostname="DESKTOP-1A5LGLI" failures="0" tests="6" name="groups.GroupTest" time="26.773" errors="0" timestamp="2023-06-04T10:41:14 IST" skipped="0">
  <testcase classname="groups.GroupTest" name="test3" time="3.702"/>
  <system-out/>
  <testcase classname="groups.GroupTest" name="googleLogoTest" time="7.419"/>
  <system-out/>
  <testcase classname="groups.GroupTest" name="googleTitleTest" time="3.858"/>
  <system-out/>
  <testcase classname="groups.GroupTest" name="test2" time="3.827"/>
  <system-out/>
  <testcase classname="groups.GroupTest" name="test1" time="4.011"/>
  <system-out/>
  <testcase classname="groups.GroupTest" name="mailLinkTest" time="3.956"/>
  <system-out/>
</testsuite> <!-- groups.GroupTest -->
