<?xml version="1.0" encoding="UTF-8"?>
<!-- Generated by org.testng.reporters.JUnitReportReporter -->
<testsuite hostname="DESKTOP-1A5LGLI" failures="0" tests="3" name="assertions.GoogleTestValidationByAssertion" time="14.546" errors="0" timestamp="2023-06-04T18:39:10 IST" skipped="0">
  <testcase classname="assertions.GoogleTestValidationByAssertion" name="googleLogoTest" time="4.453"/>
  <system-out/>
  <testcase classname="assertions.GoogleTestValidationByAssertion" name="googleTitleTest" time="5.840"/>
  <system-out/>
  <testcase classname="assertions.GoogleTestValidationByAssertion" name="googleLinkTest" time="4.253"/>
  <system-out/>
</testsuite> <!-- assertions.GoogleTestValidationByAssertion -->
