<?xml version="1.0" encoding="UTF-8"?>
<!-- Generated by org.testng.reporters.JUnitReportReporter -->
<testsuite hostname="DESKTOP-1A5LGLI" failures="0" tests="4" name="dataProvider.Data_Provider1" time="67.322" errors="0" timestamp="2023-06-04T09:40:53 IST" skipped="0">
  <testcase classname="dataProvider.Data_Provider1" name="login" time="17.489"/>
  <system-out/>
  <testcase classname="dataProvider.Data_Provider1" name="login" time="17.483"/>
  <system-out/>
  <testcase classname="dataProvider.Data_Provider1" name="login" time="16.041"/>
  <system-out/>
  <testcase classname="dataProvider.Data_Provider1" name="login" time="16.309"/>
  <system-out/>
</testsuite> <!-- dataProvider.Data_Provider1 -->
