<?xml version="1.0" encoding="UTF-8"?>
<!-- Generated by org.testng.reporters.JUnitReportReporter -->
<testsuite hostname="DESKTOP-1A5LGLI" failures="0" tests="4" name="sample1.TestNG_Attributes" time="0.027" errors="0" timestamp="2023-05-31T20:46:17 IST" skipped="0">
  <testcase classname="sample1.TestNG_Attributes" name="Registration" time="0.019"/>
  <system-out/>
  <testcase classname="sample1.TestNG_Attributes" name="login" time="0.003"/>
  <system-out/>
  <testcase classname="sample1.TestNG_Attributes" name="Homepage" time="0.003"/>
  <system-out/>
  <testcase classname="sample1.TestNG_Attributes" name="logout" time="0.002"/>
  <system-out/>
</testsuite> <!-- sample1.TestNG_Attributes -->
