<?xml version="1.0" encoding="UTF-8"?>
<!-- Generated by org.testng.reporters.JUnitReportReporter -->
<testsuite hostname="DESKTOP-1A5LGLI" failures="0" tests="3" name="testNgBasic.TestNgSample1" time="0.019" errors="0" timestamp="2023-06-04T08:14:15 IST" skipped="0">
  <testcase classname="testNgBasic.TestNgSample1" name="searchTest" time="0.003"/>
  <system-out/>
  <testcase classname="testNgBasic.TestNgSample1" name="googlelogoTest" time="0.004"/>
  <system-out/>
  <testcase classname="testNgBasic.TestNgSample1" name="googleTitleTest" time="0.012"/>
  <system-out/>
</testsuite> <!-- testNgBasic.TestNgSample1 -->
