<?xml version="1.0" encoding="UTF-8"?>
<!-- Generated by org.testng.reporters.JUnitReportReporter -->
<testsuite hostname="DESKTOP-1A5LGLI" failures="0" tests="4" name="utility.Sample" time="0.023" errors="0" timestamp="2023-06-04T08:07:41 IST" skipped="0">
  <testcase classname="utility.Sample" name="Registration" time="0.002"/>
  <system-out/>
  <testcase classname="utility.Sample" name="logout" time="0.003"/>
  <system-out/>
  <testcase classname="utility.Sample" name="Homepage" time="0.015"/>
  <system-out/>
  <testcase classname="utility.Sample" name="login" time="0.003"/>
  <system-out/>
</testsuite> <!-- utility.Sample -->
