<?xml version="1.0" encoding="UTF-8"?>
<!-- Generated by org.testng.reporters.JUnitReportReporter -->
<testsuite hostname="DESKTOP-1A5LGLI" failures="0" tests="2" name="sample1.DemoTest1" time="0.021" errors="0" timestamp="2023-05-31T20:47:03 IST" skipped="0">
  <testcase classname="sample1.DemoTest1" name="login" time="0.007"/>
  <system-out/>
  <testcase classname="sample1.DemoTest1" name="Registration" time="0.014"/>
  <system-out/>
</testsuite> <!-- sample1.DemoTest1 -->
