<?xml version="1.0" encoding="UTF-8"?>
<!-- Generated by org.testng.reporters.JUnitReportReporter -->
<testsuite hostname="DESKTOP-1A5LGLI" failures="0" tests="1" name="parameters.ParameterTest" time="17.445" errors="0" timestamp="2023-06-04T17:47:14 IST" skipped="0">
  <testcase classname="parameters.ParameterTest" name="YahooLoginTest" time="17.445"/>
  <system-out/>
</testsuite> <!-- parameters.ParameterTest -->
